<?xml version="1.0" encoding="utf-8"?><testsuites name="pytest tests"><testsuite name="pytest" errors="0" failures="0" skipped="0" tests="25" time="6.310" timestamp="2026-07-07T13:50:01.046651+00:00" hostname="agent-env-05e3983d-18a2-44dc-9ec9-649a204690a2"><testcase classname="backend.tests.test_ideacon_backend" name="test_health" time="0.155" /><testcase classname="backend.tests.test_ideacon_backend" name="test_signup_duplicate_email" time="0.425" /><testcase classname="backend.tests.test_ideacon_backend" name="test_login_and_me" time="0.448" /><testcase classname="backend.tests.test_ideacon_backend" name="test_login_invalid" time="0.106" /><testcase classname="backend.tests.test_ideacon_backend" name="test_admin_login" time="0.506" /><testcase classname="backend.tests.test_ideacon_backend" name="test_sectors" time="0.104" /><testcase classname="backend.tests.test_ideacon_backend" name="test_kyc_submit_and_status" time="0.208" /><testcase classname="backend.tests.test_ideacon_backend" name="test_payment_plans_scoped" time="0.539" /><testcase classname="backend.tests.test_ideacon_backend" name="test_payment_flow_mock" time="0.290" /><testcase classname="backend.tests.test_ideacon_backend" name="test_payment_wrong_role" time="0.099" /><testcase classname="backend.tests.test_ideacon_backend" name="test_portfolio_update_and_get" time="0.197" /><testcase classname="backend.tests.test_ideacon_backend" name="test_discover_investor_sees_founders" time="0.105" /><testcase classname="backend.tests.test_ideacon_backend" name="test_discover_trial_student" time="0.428" /><testcase classname="backend.tests.test_ideacon_backend" name="test_pitch_list_and_like" time="0.291" /><testcase classname="backend.tests.test_ideacon_backend" name="test_pitch_investor_forbidden" time="0.104" /><testcase classname="backend.tests.test_ideacon_backend" name="test_chat_http_send_list_history" time="0.298" /><testcase classname="backend.tests.test_ideacon_backend" name="test_websocket_ping_and_message" time="0.505" /><testcase classname="backend.tests.test_ideacon_backend" name="test_websocket_bad_token" time="0.158" /><testcase classname="backend.tests.test_ideacon_backend" name="test_id_card" time="0.099" /><testcase classname="backend.tests.test_ideacon_backend" name="test_support_flow" time="0.321" /><testcase classname="backend.tests.test_ideacon_backend" name="test_admin_analytics" time="0.101" /><testcase classname="backend.tests.test_ideacon_backend" name="test_admin_users_filter" time="0.106" /><testcase classname="backend.tests.test_ideacon_backend" name="test_admin_kyc_approve_flow" time="0.304" /><testcase classname="backend.tests.test_ideacon_backend" name="test_admin_toggle_active" time="0.212" /><testcase classname="backend.tests.test_ideacon_backend" name="test_non_admin_forbidden" time="0.100" /></testsuite></testsuites>